
> english-quest-rpg@1.0.0 dev
> vite --host 0.0.0.0 --port 5367 --strictPort


  [32m[1mVITE[22m v6.4.2[39m  [2mready in [0m[1m566[22m[2m[0m ms[22m

  [32m➜[39m  [1mLocal[22m:   [36mhttp://localhost:[1m5367[22m/[39m
  [32m➜[39m  [1mNetwork[22m: [36mhttp://192.168.11.24:[1m5367[22m/[39m
[2m21:50:51[22m [36m[1m[vite][22m[39m [90m[2m(client)[22m[39m [32mhmr update [39m[2m/src/index.css[22m
[2m21:51:20[22m [36m[1m[vite][22m[39m [90m[2m(client)[22m[39m [32mhmr update [39m[2m/src/App.tsx, /src/index.css[22m
[2m21:51:20[22m [36m[1m[vite][22m[39m [90m[2m(client)[22m[39m [32mhmr update [39m[2m/src/App.tsx, /src/index.css[22m
[2m21:51:51[22m [36m[1m[vite][22m[39m [90m[2m(client)[22m[39m [32mhmr update [39m[2m/src/components/HomeScreen.tsx, /src/index.css[22m
[2m21:51:52[22m [36m[1m[vite][22m[39m [90m[2m(client)[22m[39m [32mhmr update [39m[2m/src/components/HomeScreen.tsx, /src/index.css[22m
[2m21:52:12[22m [36m[1m[vite][22m[39m [90m[2m(client)[22m[39m [32mhmr update [39m[2m/src/components/StageMap.tsx, /src/index.css[22m
[2m21:52:12[22m [36m[1m[vite][22m[39m [90m[2m(client)[22m[39m [32mhmr update [39m[2m/src/components/StageMap.tsx, /src/index.css[22m
[2m21:52:28[22m [36m[1m[vite][22m[39m [90m[2m(client)[22m[39m [32mhmr update [39m[2m/src/components/BottomNav.tsx, /src/index.css[22m
[2m21:53:23[22m [36m[1m[vite][22m[39m [90m[2m(client)[22m[39m [32mhmr update [39m[2m/src/components/BattleScreen.tsx, /src/index.css[22m
[2m21:53:45[22m [36m[1m[vite][22m[39m [90m[2m(client)[22m[39m [32mhmr update [39m[2m/src/App.tsx, /src/index.css[22m
[2m21:54:11[22m [36m[1m[vite][22m[39m [90m[2m(client)[22m[39m [32mhmr update [39m[2m/src/components/ResultModal.tsx, /src/index.css[22m
[2m21:54:38[22m [36m[1m[vite][22m[39m [90m[2m(client)[22m[39m [32mhmr update [39m[2m/src/components/BossIntro.tsx, /src/index.css[22m
[2m21:55:20[22m [36m[1m[vite][22m[39m [90m[2m(client)[22m[39m [32mhmr update [39m[2m/src/components/VoiceInputButton.tsx, /src/index.css[22m
[2m21:55:20[22m [36m[1m[vite][22m[39m [90m[2m(client)[22m[39m [32mhmr update [39m[2m/src/components/VoiceInputButton.tsx[22m
[2m21:55:39[22m [36m[1m[vite][22m[39m [90m[2m(client)[22m[39m [32mhmr update [39m[2m/src/index.css[22m
[2m22:01:39[22m [36m[1m[vite][22m[39m [90m[2m(client)[22m[39m [32mpage reload [39m[2mandroid/app/src/main/assets/public/index.html[22m
[2m22:01:39[22m [36m[1m[vite][22m[39m [90m[2m(client)[22m[39m [32mpage reload [39m[2mandroid/app/src/main/assets/public/offline.html[22m
[2m22:01:42[22m [36m[1m[vite][22m[39m [90m[2m(client)[22m[39m [32mpage reload [39m[2mandroid/app/src/main/assets/public/index.html[22m
[2m22:01:42[22m [36m[1m[vite][22m[39m [90m[2m(client)[22m[39m [32mpage reload [39m[2mandroid/app/src/main/assets/public/offline.html[22m
[2m22:23:36[22m [36m[1m[vite][22m[39m [90m[2m(client)[22m[39m [32mhmr update [39m[2m/src/components/SettingsScreen.tsx, /src/index.css[22m
[2m22:23:36[22m [36m[1m[vite][22m[39m [90m[2m(client)[22m[39m [32mhmr update [39m[2m/src/components/SettingsScreen.tsx, /src/index.css[22m
[2m22:23:37[22m [36m[1m[vite][22m[39m [90m[2m(client)[22m[39m [32mhmr update [39m[2m/src/index.css, /src/components/BattleScreen.tsx, /src/App.tsx[22m
[2m22:23:37[22m [36m[1m[vite][22m[39m [90m[2m(client)[22m[39m [32mhmr update [39m[2m/src/index.css, /src/components/BattleScreen.tsx[22m
[2m22:23:49[22m [36m[1m[vite][22m[39m [90m[2m(client)[22m[39m [32mhmr update [39m[2m/src/index.css, /src/components/BattleScreen.tsx, /src/App.tsx[22m
[2m22:25:20[22m [36m[1m[vite][22m[39m [90m[2m(client)[22m[39m [32mhmr update [39m[2m/src/components/SettingsScreen.tsx, /src/index.css[22m
[2m22:25:20[22m [36m[1m[vite][22m[39m [90m[2m(client)[22m[39m [32mhmr update [39m[2m/src/components/SettingsScreen.tsx, /src/index.css[22m
[2m22:27:31[22m [36m[1m[vite][22m[39m [90m[2m(client)[22m[39m [32mpage reload [39m[2mandroid/app/src/main/assets/public/index.html[22m
[2m22:27:31[22m [36m[1m[vite][22m[39m [90m[2m(client)[22m[39m [32mpage reload [39m[2mandroid/app/src/main/assets/public/offline.html[22m
[2m22:27:31[22m [36m[1m[vite][22m[39m [90m[2m(client)[22m[39m [32mpage reload [39m[2mandroid/app/src/main/assets/public/index.html[22m
[2m22:27:31[22m [36m[1m[vite][22m[39m [90m[2m(client)[22m[39m [32mpage reload [39m[2mandroid/app/src/main/assets/public/offline.html[22m
[2m22:29:05[22m [36m[1m[vite][22m[39m [90m[2m(client)[22m[39m [32mhmr update [39m[2m/src/index.css, /src/components/VoiceInputButton.tsx[22m
[2m22:29:23[22m [36m[1m[vite][22m[39m [90m[2m(client)[22m[39m [32mhmr update [39m[2m/src/components/VoiceInputButton.tsx, /src/index.css[22m
[2m22:29:41[22m [36m[1m[vite][22m[39m [90m[2m(client)[22m[39m [32mhmr update [39m[2m/src/index.css, /src/components/VoiceInputButton.tsx[22m
[2m22:32:16[22m [36m[1m[vite][22m[39m [90m[2m(client)[22m[39m [32mpage reload [39m[2mandroid/app/src/main/assets/public/index.html[22m
[2m22:32:16[22m [36m[1m[vite][22m[39m [90m[2m(client)[22m[39m [32mpage reload [39m[2mandroid/app/src/main/assets/public/offline.html[22m
[2m22:32:17[22m [36m[1m[vite][22m[39m [90m[2m(client)[22m[39m [32mpage reload [39m[2mandroid/app/src/main/assets/public/index.html[22m
[2m22:32:17[22m [36m[1m[vite][22m[39m [90m[2m(client)[22m[39m [32mpage reload [39m[2mandroid/app/src/main/assets/public/offline.html[22m
[2m22:41:37[22m [36m[1m[vite][22m[39m [90m[2m(client)[22m[39m [32mhmr update [39m[2m/src/index.css, /src/components/VoiceInputButton.tsx[22m
[2m23:05:04[22m [36m[1m[vite][22m[39m [90m[2m(client)[22m[39m [32mpage reload [39m[2mandroid/app/src/main/assets/public/index.html[22m
[2m23:05:04[22m [36m[1m[vite][22m[39m [90m[2m(client)[22m[39m [32mpage reload [39m[2mandroid/app/src/main/assets/public/offline.html[22m
[2m23:05:04[22m [36m[1m[vite][22m[39m [90m[2m(client)[22m[39m [32mpage reload [39m[2mandroid/app/src/main/assets/public/index.html[22m
[2m23:05:04[22m [36m[1m[vite][22m[39m [90m[2m(client)[22m[39m [32mpage reload [39m[2mandroid/app/src/main/assets/public/offline.html[22m
[2m23:06:13[22m [36m[1m[vite][22m[39m [90m[2m(client)[22m[39m [32mpage reload [39m[2mandroid/app/src/main/assets/public/index.html[22m
[2m23:06:13[22m [36m[1m[vite][22m[39m [90m[2m(client)[22m[39m [32mpage reload [39m[2mandroid/app/src/main/assets/public/offline.html[22m
[2m23:06:13[22m [36m[1m[vite][22m[39m [90m[2m(client)[22m[39m [32mpage reload [39m[2mandroid/app/src/main/assets/public/index.html[22m
[2m23:06:13[22m [36m[1m[vite][22m[39m [90m[2m(client)[22m[39m [32mpage reload [39m[2mandroid/app/src/main/assets/public/offline.html[22m
[2m23:08:15[22m [36m[1m[vite][22m[39m [90m[2m(client)[22m[39m [32mhmr update [39m[2m/src/index.css, /src/components/VoiceInputButton.tsx[22m
[2m23:11:10[22m [36m[1m[vite][22m[39m [90m[2m(client)[22m[39m [32mpage reload [39m[2mandroid/app/src/main/assets/public/index.html[22m
[2m23:11:10[22m [36m[1m[vite][22m[39m [90m[2m(client)[22m[39m [32mpage reload [39m[2mandroid/app/src/main/assets/public/offline.html[22m
[2m23:11:10[22m [36m[1m[vite][22m[39m [90m[2m(client)[22m[39m [32mpage reload [39m[2mandroid/app/src/main/assets/public/index.html[22m
[2m23:11:10[22m [36m[1m[vite][22m[39m [90m[2m(client)[22m[39m [32mpage reload [39m[2mandroid/app/src/main/assets/public/offline.html[22m
[2m23:13:29[22m [36m[1m[vite][22m[39m [90m[2m(client)[22m[39m [32mhmr update [39m[2m/src/components/BattleScreen.tsx, /src/index.css[22m
[2m23:16:17[22m [36m[1m[vite][22m[39m [90m[2m(client)[22m[39m [32mhmr update [39m[2m/src/index.css[22m
[2m23:16:43[22m [36m[1m[vite][22m[39m [90m[2m(client)[22m[39m [32mhmr update [39m[2m/src/components/BattleScreen.tsx, /src/index.css[22m
[2m23:16:47[22m [36m[1m[vite][22m[39m [90m[2m(client)[22m[39m [32mhmr update [39m[2m/src/index.css[22m
[2m23:18:48[22m [36m[1m[vite][22m[39m [90m[2m(client)[22m[39m [32mpage reload [39m[2mandroid/app/src/main/assets/public/index.html[22m
[2m23:18:48[22m [36m[1m[vite][22m[39m [90m[2m(client)[22m[39m [32mpage reload [39m[2mandroid/app/src/main/assets/public/offline.html[22m
[2m23:18:49[22m [36m[1m[vite][22m[39m [90m[2m(client)[22m[39m [32mpage reload [39m[2mandroid/app/src/main/assets/public/index.html[22m
[2m23:18:49[22m [36m[1m[vite][22m[39m [90m[2m(client)[22m[39m [32mpage reload [39m[2mandroid/app/src/main/assets/public/offline.html[22m
[2m23:29:37[22m [36m[1m[vite][22m[39m [90m[2m(client)[22m[39m [32mpage reload [39m[2mandroid/build/reports/problems/problems-report.html[22m
[2m23:29:37[22m [36m[1m[vite][22m[39m [90m[2m(client)[22m[39m [32mpage reload [39m[2mandroid/build/reports/problems/problems-report.html[22m
